<?xml version="1.0" encoding="UTF-8"?>
<!-- Generated by org.testng.reporters.JUnitReportReporter -->
<testsuite hostname="DESKTOP-IE755DU" failures="0" tests="2" name="serviceRequest.getData" time="5.660" errors="0" timestamp="2021-04-24T13:09:02 IST" skipped="0">
  <testcase classname="serviceRequest.getData" name="verifyResponseData" time="1.825"/>
  <system-out/>
  <testcase classname="serviceRequest.getData" name="getResposeData" time="3.835"/>
  <system-out/>
</testsuite> <!-- serviceRequest.getData -->
