<?xml version="1.0" encoding="UTF-8"?>
<!-- Generated by org.testng.reporters.JUnitReportReporter -->
<testsuite hostname="DESKTOP-IE755DU" failures="0" tests="1" name="serviceRequest.deleteTest" time="0.463" errors="0" timestamp="2021-04-24T14:26:48 IST" skipped="0">
  <testcase classname="serviceRequest.deleteTest" name="deleteUserTest" time="0.463"/>
  <system-out/>
</testsuite> <!-- serviceRequest.deleteTest -->
