<?xml version="1.0" encoding="UTF-8"?>
<!-- Generated by org.testng.reporters.JUnitReportReporter -->
<testsuite hostname="DESKTOP-IE755DU" failures="0" tests="4" name="serviceRequest.postTest" time="3.092" errors="0" timestamp="2021-04-24T14:26:48 IST" skipped="0">
  <testcase classname="serviceRequest.postTest" name="verifyLoginSuccessFulPostTest" time="1.247"/>
  <system-out/>
  <testcase classname="serviceRequest.postTest" name="verifyLoginUnsuccessFulPostTest" time="0.566"/>
  <system-out/>
  <testcase classname="serviceRequest.postTest" name="getResponseLoginUnsuccessFulPostTest" time="0.456"/>
  <system-out/>
  <testcase classname="serviceRequest.postTest" name="getResponseLoginSsuccessFulPostTest" time="0.823"/>
  <system-out/>
</testsuite> <!-- serviceRequest.postTest -->
