<?xml version="1.0" encoding="UTF-8"?>
<!-- Generated by org.testng.reporters.JUnitReportReporter -->
<testsuite hostname="DESKTOP-IE755DU" failures="0" tests="2" name="serviceRequest.putTest" time="1.071" errors="0" timestamp="2021-04-24T14:26:48 IST" skipped="0">
  <testcase classname="serviceRequest.putTest" name="getResponseUpdateUserPutTest" time="0.533"/>
  <system-out/>
  <testcase classname="serviceRequest.putTest" name="verifyUpdateUserPutTest" time="0.538"/>
  <system-out/>
</testsuite> <!-- serviceRequest.putTest -->
