<?xml version="1.0" encoding="UTF-8"?>
<!-- Generated by org.testng.reporters.JUnitReportReporter -->
<testsuite hostname="DESKTOP-IE755DU" failures="0" tests="5" name="serviceRequest.getTest" time="5.031" errors="0" timestamp="2021-04-24T14:26:48 IST" skipped="0">
  <testcase classname="serviceRequest.getTest" name="getResponseDataSingleUser" time="3.367"/>
  <system-out/>
  <testcase classname="serviceRequest.getTest" name="verifyResponseStatusSingleUser" time="0.196"/>
  <system-out/>
  <testcase classname="serviceRequest.getTest" name="verifyResponseStatus" time="0.206"/>
  <system-out/>
  <testcase classname="serviceRequest.getTest" name="getResponseDataTest1" time="0.198"/>
  <system-out/>
  <testcase classname="serviceRequest.getTest" name="getResponseDataTest2" time="1.064"/>
  <system-out/>
</testsuite> <!-- serviceRequest.getTest -->
