<?xml version="1.0" encoding="UTF-8"?>
<!-- Generated by org.testng.reporters.JUnitReportReporter -->
<testsuite hostname="DESKTOP-IE755DU" failures="0" tests="2" name="serviceRequest.patchTest" time="0.941" errors="0" timestamp="2021-04-24T14:26:48 IST" skipped="0">
  <testcase classname="serviceRequest.patchTest" name="getResponseUpdateUserPatchTest" time="0.479"/>
  <system-out/>
  <testcase classname="serviceRequest.patchTest" name="verifyUpdateUserPatchTest" time="0.462"/>
  <system-out/>
</testsuite> <!-- serviceRequest.patchTest -->
